<?xml version="1.0" encoding="UTF-8"?>
<!-- Generated by org.testng.reporters.JUnitXMLReporter -->
<testsuite ignored="12" hostname="Rakesh" failures="0" tests="5" name="Test3" time="18.376" errors="0" timestamp="2025-03-24T21:37:45 IST">
  <testcase classname="genericUtility.BaseClass" name="@BeforeMethod beforeMethodConfiguration" time="0.001">
    <failure type="java.lang.NullPointerException" message="Cannot invoke &amp;quot;org.openqa.selenium.SearchContext.findElement(org.openqa.selenium.By)&amp;quot; because &amp;quot;this.searchContext&amp;quot; is null">
      <![CDATA[java.lang.NullPointerException: Cannot invoke "org.openqa.selenium.SearchContext.findElement(org.openqa.selenium.By)" because "this.searchContext" is null
at org.openqa.selenium.support.pagefactory.DefaultElementLocator.findElement(DefaultElementLocator.java:68)
at org.openqa.selenium.support.pagefactory.internal.LocatingElementHandler.invoke(LocatingElementHandler.java:38)
at jdk.proxy2/jdk.proxy2.$Proxy18.sendKeys(Unknown Source)
at genericUtility.BaseClass.beforeMethodConfiguration(BaseClass.java:64)
at java.base/java.util.concurrent.ThreadPoolExecutor.runWorker(ThreadPoolExecutor.java:1144)
at java.base/java.util.concurrent.ThreadPoolExecutor$Worker.run(ThreadPoolExecutor.java:642)
at java.base/java.lang.Thread.run(Thread.java:1575)
... Removed 14 stack frames]]>
    </failure>
  </testcase> <!-- @BeforeMethod beforeMethodConfiguration -->
  <testcase classname="genericUtility.BaseClass" name="@AfterMethod afterMethodConfiguartion" time="-1.742832449856E9">
    <skipped/>
  </testcase> <!-- @AfterMethod afterMethodConfiguartion -->
  <testcase classname="genericUtility.BaseClass" name="@AfterClass afterClassConfiguation" time="-1.742832449857E9">
    <skipped/>
  </testcase> <!-- @AfterClass afterClassConfiguation -->
  <testcase classname="genericUtility.BaseClass" name="@BeforeMethod beforeMethodConfiguration" time="0.001">
    <failure type="java.lang.NullPointerException" message="Cannot invoke &amp;quot;org.openqa.selenium.SearchContext.findElement(org.openqa.selenium.By)&amp;quot; because &amp;quot;this.searchContext&amp;quot; is null">
      <![CDATA[java.lang.NullPointerException: Cannot invoke "org.openqa.selenium.SearchContext.findElement(org.openqa.selenium.By)" because "this.searchContext" is null
at org.openqa.selenium.support.pagefactory.DefaultElementLocator.findElement(DefaultElementLocator.java:68)
at org.openqa.selenium.support.pagefactory.internal.LocatingElementHandler.invoke(LocatingElementHandler.java:38)
at jdk.proxy2/jdk.proxy2.$Proxy18.sendKeys(Unknown Source)
at genericUtility.BaseClass.beforeMethodConfiguration(BaseClass.java:64)
at java.base/java.util.concurrent.ThreadPoolExecutor.runWorker(ThreadPoolExecutor.java:1144)
at java.base/java.util.concurrent.ThreadPoolExecutor$Worker.run(ThreadPoolExecutor.java:642)
at java.base/java.lang.Thread.run(Thread.java:1575)
... Removed 14 stack frames]]>
    </failure>
  </testcase> <!-- @BeforeMethod beforeMethodConfiguration -->
  <testcase classname="genericUtility.BaseClass" name="@AfterMethod afterMethodConfiguartion" time="-1.742832449864E9">
    <skipped/>
  </testcase> <!-- @AfterMethod afterMethodConfiguartion -->
  <testcase classname="genericUtility.BaseClass" name="@AfterClass afterClassConfiguation" time="-1.742832449865E9">
    <skipped/>
  </testcase> <!-- @AfterClass afterClassConfiguation -->
  <testcase classname="genericUtility.BaseClass" name="@BeforeMethod beforeMethodConfiguration" time="0.002">
    <failure type="java.lang.NullPointerException" message="Cannot invoke &amp;quot;org.openqa.selenium.SearchContext.findElement(org.openqa.selenium.By)&amp;quot; because &amp;quot;this.searchContext&amp;quot; is null">
      <![CDATA[java.lang.NullPointerException: Cannot invoke "org.openqa.selenium.SearchContext.findElement(org.openqa.selenium.By)" because "this.searchContext" is null
at org.openqa.selenium.support.pagefactory.DefaultElementLocator.findElement(DefaultElementLocator.java:68)
at org.openqa.selenium.support.pagefactory.internal.LocatingElementHandler.invoke(LocatingElementHandler.java:38)
at jdk.proxy2/jdk.proxy2.$Proxy18.sendKeys(Unknown Source)
at genericUtility.BaseClass.beforeMethodConfiguration(BaseClass.java:64)
at java.base/java.util.concurrent.ThreadPoolExecutor.runWorker(ThreadPoolExecutor.java:1144)
at java.base/java.util.concurrent.ThreadPoolExecutor$Worker.run(ThreadPoolExecutor.java:642)
at java.base/java.lang.Thread.run(Thread.java:1575)
... Removed 14 stack frames]]>
    </failure>
  </testcase> <!-- @BeforeMethod beforeMethodConfiguration -->
  <testcase classname="genericUtility.BaseClass" name="@AfterMethod afterMethodConfiguartion" time="-1.742832449872E9">
    <skipped/>
  </testcase> <!-- @AfterMethod afterMethodConfiguartion -->
  <testcase classname="genericUtility.BaseClass" name="@AfterClass afterClassConfiguation" time="-1.742832449874E9">
    <skipped/>
  </testcase> <!-- @AfterClass afterClassConfiguation -->
  <testcase classname="genericUtility.BaseClass" name="@BeforeMethod beforeMethodConfiguration" time="0.001">
    <failure type="java.lang.NullPointerException" message="Cannot invoke &amp;quot;org.openqa.selenium.SearchContext.findElement(org.openqa.selenium.By)&amp;quot; because &amp;quot;this.searchContext&amp;quot; is null">
      <![CDATA[java.lang.NullPointerException: Cannot invoke "org.openqa.selenium.SearchContext.findElement(org.openqa.selenium.By)" because "this.searchContext" is null
at org.openqa.selenium.support.pagefactory.DefaultElementLocator.findElement(DefaultElementLocator.java:68)
at org.openqa.selenium.support.pagefactory.internal.LocatingElementHandler.invoke(LocatingElementHandler.java:38)
at jdk.proxy2/jdk.proxy2.$Proxy18.sendKeys(Unknown Source)
at genericUtility.BaseClass.beforeMethodConfiguration(BaseClass.java:64)
at java.base/java.util.concurrent.ThreadPoolExecutor.runWorker(ThreadPoolExecutor.java:1144)
at java.base/java.util.concurrent.ThreadPoolExecutor$Worker.run(ThreadPoolExecutor.java:642)
at java.base/java.lang.Thread.run(Thread.java:1575)
... Removed 14 stack frames]]>
    </failure>
  </testcase> <!-- @BeforeMethod beforeMethodConfiguration -->
  <testcase classname="genericUtility.BaseClass" name="@AfterMethod afterMethodConfiguartion" time="-1.742832449882E9">
    <skipped/>
  </testcase> <!-- @AfterMethod afterMethodConfiguartion -->
  <testcase classname="genericUtility.BaseClass" name="@AfterClass afterClassConfiguation" time="-1.742832449883E9">
    <skipped/>
  </testcase> <!-- @AfterClass afterClassConfiguation -->
  <testcase classname="genericUtility.BaseClass" name="@AfterMethod afterMethodConfiguartion" time="0.025">
    <failure type="org.openqa.selenium.JavascriptException" message="Cyclic object value
Build info: version: &amp;apos;4.29.0&amp;apos;, revision: &amp;apos;5fc1ec94cb&amp;apos;
System info: os.name: &amp;apos;Windows 11&amp;apos;, os.arch: &amp;apos;amd64&amp;apos;, os.version: &amp;apos;10.0&amp;apos;, java.version: &amp;apos;23.0.1&amp;apos;
Driver info: org.openqa.selenium.firefox.FirefoxDriver
Command: [b0e8b607-19a3-4b96-be02-f52f9225a7a2, actions {actions=[org.openqa.selenium.interactions.Sequence@3c385e8]}]
Capabilities {acceptInsecureCerts: true, browserName: firefox, browserVersion: 136.0.2, moz:accessibilityChecks: false, moz:buildID: 20250317120031, moz:geckodriverVersion: 0.36.0, moz:headless: false, moz:platformVersion: 10.0, moz:processID: 11760, moz:profile: C:\Users\bitra\AppData\Loca..., moz:shutdownTimeout: 60000, moz:webdriverClick: true, moz:windowless: false, pageLoadStrategy: normal, platformName: windows, proxy: Proxy(), setWindowRect: true, strictFileInteractability: false, timeouts: {implicit: 0, pageLoad: 300000, script: 30000}, unhandledPromptBehavior: dismiss and notify, userAgent: Mozilla/5.0 (Windows NT 10....}
Session ID: b0e8b607-19a3-4b96-be02-f52f9225a7a2">
      <![CDATA[org.openqa.selenium.JavascriptException: Cyclic object value
Build info: version: '4.29.0', revision: '5fc1ec94cb'
System info: os.name: 'Windows 11', os.arch: 'amd64', os.version: '10.0', java.version: '23.0.1'
Driver info: org.openqa.selenium.firefox.FirefoxDriver
Command: [b0e8b607-19a3-4b96-be02-f52f9225a7a2, actions {actions=[org.openqa.selenium.interactions.Sequence@3c385e8]}]
Capabilities {acceptInsecureCerts: true, browserName: firefox, browserVersion: 136.0.2, moz:accessibilityChecks: false, moz:buildID: 20250317120031, moz:geckodriverVersion: 0.36.0, moz:headless: false, moz:platformVersion: 10.0, moz:processID: 11760, moz:profile: C:\Users\bitra\AppData\Loca..., moz:shutdownTimeout: 60000, moz:webdriverClick: true, moz:windowless: false, pageLoadStrategy: normal, platformName: windows, proxy: Proxy(), setWindowRect: true, strictFileInteractability: false, timeouts: {implicit: 0, pageLoad: 300000, script: 30000}, unhandledPromptBehavior: dismiss and notify, userAgent: Mozilla/5.0 (Windows NT 10....}
Session ID: b0e8b607-19a3-4b96-be02-f52f9225a7a2
at org.openqa.selenium.remote.ErrorCodec.decode(ErrorCodec.java:167)
at org.openqa.selenium.remote.codec.w3c.W3CHttpResponseCodec.decode(W3CHttpResponseCodec.java:138)
at org.openqa.selenium.remote.codec.w3c.W3CHttpResponseCodec.decode(W3CHttpResponseCodec.java:50)
at org.openqa.selenium.remote.HttpCommandExecutor.execute(HttpCommandExecutor.java:215)
at org.openqa.selenium.remote.service.DriverCommandExecutor.invokeExecute(DriverCommandExecutor.java:216)
at org.openqa.selenium.remote.service.DriverCommandExecutor.execute(DriverCommandExecutor.java:174)
at org.openqa.selenium.remote.RemoteWebDriver.execute(RemoteWebDriver.java:545)
at org.openqa.selenium.remote.RemoteWebDriver.perform(RemoteWebDriver.java:631)
at org.openqa.selenium.interactions.Actions$BuiltAction.perform(Actions.java:616)
at org.openqa.selenium.interactions.Actions.perform(Actions.java:581)
at genericUtility.WebDriverUtility.toMouseHover(WebDriverUtility.java:109)
at genericUtility.BaseClass.afterMethodConfiguartion(BaseClass.java:74)
at java.base/java.util.concurrent.ThreadPoolExecutor.runWorker(ThreadPoolExecutor.java:1144)
at java.base/java.util.concurrent.ThreadPoolExecutor$Worker.run(ThreadPoolExecutor.java:642)
at java.base/java.lang.Thread.run(Thread.java:1575)
... Removed 18 stack frames]]>
    </failure>
  </testcase> <!-- @AfterMethod afterMethodConfiguartion -->
  <testcase classname="genericUtility.BaseClass" name="@AfterClass afterClassConfiguation" time="-1.742832465639E9">
    <skipped/>
  </testcase> <!-- @AfterClass afterClassConfiguation -->
  <testcase classname="organizationTests.ToCreateOrgWithTypeTest" name="ToCreateOrgWithTypeTest__004" time="0.0">
    <skipped/>
  </testcase> <!-- ToCreateOrgWithTypeTest__004 -->
  <testcase classname="contactTests.ToCreateContactWithOrgTest" name="ToCreateContactWithOrgTest__005" time="0.0">
    <skipped/>
  </testcase> <!-- ToCreateContactWithOrgTest__005 -->
  <testcase classname="contactTests.ToCreateContactTest" name="toCreateContact__001" time="0.0">
    <skipped/>
  </testcase> <!-- toCreateContact__001 -->
  <testcase classname="organizationTests.ToCreateOrgWithIndustryTest" name="toCreateOrgWithIndustry__003" time="0.0">
    <skipped/>
  </testcase> <!-- toCreateOrgWithIndustry__003 -->
  <testcase classname="organizationTests.ToCreateOrgTest" name="toCreateOrg__002" time="12.373"/>
  <testcase classname="genericUtility.BaseClass" name="@AfterSuite afterSuiteConfiguation" time="0.0">
    <ignored/>
  </testcase> <!-- @AfterSuite afterSuiteConfiguation -->
  <testcase classname="genericUtility.BaseClass" name="@AfterSuite afterSuiteConfiguation" time="0.0">
    <ignored/>
  </testcase> <!-- @AfterSuite afterSuiteConfiguation -->
  <testcase classname="genericUtility.BaseClass" name="@AfterSuite afterSuiteConfiguation" time="0.0">
    <ignored/>
  </testcase> <!-- @AfterSuite afterSuiteConfiguation -->
  <testcase classname="genericUtility.BaseClass" name="@AfterSuite afterSuiteConfiguation" time="0.0">
    <ignored/>
  </testcase> <!-- @AfterSuite afterSuiteConfiguation -->
  <testcase classname="genericUtility.BaseClass" name="@BeforeTest beforeClassConfiguration" time="0.0">
    <ignored/>
  </testcase> <!-- @BeforeTest beforeClassConfiguration -->
  <testcase classname="genericUtility.BaseClass" name="@BeforeTest beforeClassConfiguration" time="0.0">
    <ignored/>
  </testcase> <!-- @BeforeTest beforeClassConfiguration -->
  <testcase classname="genericUtility.BaseClass" name="@BeforeTest beforeClassConfiguration" time="0.0">
    <ignored/>
  </testcase> <!-- @BeforeTest beforeClassConfiguration -->
  <testcase classname="genericUtility.BaseClass" name="@BeforeTest beforeClassConfiguration" time="0.0">
    <ignored/>
  </testcase> <!-- @BeforeTest beforeClassConfiguration -->
  <testcase classname="genericUtility.BaseClass" name="@BeforeSuite beforeSuiteConfiguration" time="0.0">
    <ignored/>
  </testcase> <!-- @BeforeSuite beforeSuiteConfiguration -->
  <testcase classname="genericUtility.BaseClass" name="@BeforeSuite beforeSuiteConfiguration" time="0.0">
    <ignored/>
  </testcase> <!-- @BeforeSuite beforeSuiteConfiguration -->
  <testcase classname="genericUtility.BaseClass" name="@BeforeSuite beforeSuiteConfiguration" time="0.0">
    <ignored/>
  </testcase> <!-- @BeforeSuite beforeSuiteConfiguration -->
  <testcase classname="genericUtility.BaseClass" name="@BeforeSuite beforeSuiteConfiguration" time="0.0">
    <ignored/>
  </testcase> <!-- @BeforeSuite beforeSuiteConfiguration -->
</testsuite> <!-- Test3 -->
